<?xml version="1.0" encoding="UTF-8"?>
<!-- Generated by org.testng.reporters.JUnitReportReporter -->
<testsuite skipped="2" hostname="TNP-ZSY53V948D3" name="Test.FormTest" tests="2" failures="0" timestamp="2023-03-28T12:42:12 CST" time="0.001" errors="0">
  <testcase name="validateMessage" time="0.000" classname="Test.FormTest">
    <skipped/>
  </testcase> <!-- validateMessage -->
  <system-out/>
  <testcase name="submitForm" time="0.001" classname="Test.FormTest">
    <skipped/>
  </testcase> <!-- submitForm -->
  <system-out/>
</testsuite> <!-- Test.FormTest -->
